<?xml version="1.0" encoding="UTF-8"?>
<testsuite xmlns:xsi="http://www.w3.org/2001/XMLSchema-instance" xsi:noNamespaceSchemaLocation="https://maven.apache.org/surefire/maven-surefire-plugin/xsd/surefire-test-report-3.0.xsd" version="3.0" name="TestSuite" time="87.693" tests="2" errors="0" skipped="0" failures="0">
  <properties>
[...]
</properties>
  <testcase name="RunInChrome" classname="grid.Chrome1" time="2.194">
    <system-out><![CDATA[18:40:34.822 [TestNG-test=ebay_Automation-1] &amp#27;[0mINFO  utilities.TestEnvironment - execute test in local&amp#27;[m
18:40:34.822 [TestNG-test=ebay_Automation-2] &amp#27;[0mINFO  utilities.TestEnvironment - execute test in local&amp#27;[m
18:41:04.546 [TestNG-test=ebay_Automation-2] &amp#27;[0mINFO  utilities.TestEnvironment - execute test in local&amp#27;[m
Mortgage Calculator
18:41:31.033 [TestNG-test=ebay_Automation-1] &amp#27;[0mINFO  grid.EbayPriceValidation - open bowser&amp#27;[m
]]></system-out>
    <system-err><![CDATA[SLF4J: Failed to load class "org.slf4j.impl.StaticLoggerBinder".
SLF4J: Defaulting to no-operation (NOP) logger implementation
SLF4J: See http://www.slf4j.org/codes.html#StaticLoggerBinder for further details.
StarSttianrgt iCnhgr oCmherDormievDerri v8e7r. 08.74.20.8420.8880 .(8889 (e8293e820a3830ea336ec3364c6344b56d4db153dd0132302493b4193b81235842594299209d-0rde-fres/fbsr/abnracnchh--hheeaaddss//44228800@@{{##1177616})1 }o)n  opno rpto r2t1 716633
1O7nly
 lOonclayl  lcoocnanle cctoinonnesc tairoen sa lalroew eadl.l
oPwleeads.
Pel esaesee  hstetep sh:t/tp/sc:h/r/omcehrdormievderri.vcehrr.ochmroimiuumm..oorrgg//sseeccuurriittyy--ccoonnssiiddeerraattiioonns fors sug gefsotri osnusg goens tkieoenpsi nogn  kCheeropmeiDnrg CihrvoemerD rsiavfeer. 
sCahfreo.m
eCDhrriver owmaesD rsitvaerr tweads  ssutcacretsesd fsuulclcye.s
sfully.
Dec 08, 2020 6:41:04 PM org.openqa.selenium.remote.ProtocolHandshake createSession
INFO: Detected dialect: W3C
Dec 08, 2020 6:41:04 PM org.openqa.selenium.remote.ProtocolHandshake createSession
INFO: Detected dialect: W3C
SStarting ChromeDriver 87.t0.a4r2t8i0ng .C8h8r o(m8e9Der2i38v0ear3 e837.06.c4342684b05.d8d81 (38092e324398b01a338e23564c93249604bd5-drdef1s3/0b2r3an4c9hb-1h3e8a2d5s4/94290d-refs/bra2n8c0h@-{he#a1d76s1/}4)2 8o0n@ {p#o1r7t6 11}9)4 8o5n
 Opnolryt  l4o7c9a6l 5c
oOnnnleyc tlioocnasl  acroen naelcltowiedo.n
sP laeraes ea lsleowee dh.t
tPplse:a/s/ec hsreoem ehdtrtipvse:r/./cchrhroommiedriver.cum.org/security-considerations for suggestions on keeping ChromeDriver safe.
hromium.org/security-considerations for suggestions on keeping ChromeDriver safe.
ChromeDriver was started successfully.
ChromeDriver was started successfully.
Dec 08, 2020 6:41:23 PM org.openqa.selenium.remote.ProtocolHandshake createSession
INFO: Detected dialect: W3C
Dec 08, 2020 6:41:24 PM org.openqa.selenium.remote.ProtocolHandshake createSession
INFO: Detected dialect: W3C
]]></system-err>
  </testcase>
  <testcase name="setVal" classname="grid.EbayPriceValidation" time="17.399"/>
</testsuite>